[debug] [2018-06-30T20:32:11.322Z] ----------------------------------------------------------------------
[debug] [2018-06-30T20:32:11.325Z] Command:       /home/malguzt/.nvm/versions/node/v8.11.2/bin/node /home/malguzt/.nvm/versions/node/v8.11.2/bin/firebase serve
[debug] [2018-06-30T20:32:11.325Z] CLI Version:   3.19.1
[debug] [2018-06-30T20:32:11.325Z] Platform:      linux
[debug] [2018-06-30T20:32:11.325Z] Node Version:  v8.11.2
[debug] [2018-06-30T20:32:11.325Z] Time:          Sat Jun 30 2018 16:32:11 GMT-0400 (-04)
[debug] [2018-06-30T20:32:11.325Z] ----------------------------------------------------------------------
[debug] 
[debug] [2018-06-30T20:32:11.334Z] > command requires scopes: ["email","openid","https://www.googleapis.com/auth/cloudplatformprojects.readonly","https://www.googleapis.com/auth/firebase","https://www.googleapis.com/auth/cloud-platform"]
[debug] [2018-06-30T20:32:11.334Z] > authorizing via signed-in user
[debug] [2018-06-30T20:32:11.336Z] >>> HTTP REQUEST GET https://admin.firebase.com/v1/projects/red-social-lab-2018  
  
 Sat Jun 30 2018 16:32:11 GMT-0400 (-04)
[debug] [2018-06-30T20:32:12.357Z] <<< HTTP RESPONSE 200
[debug] [2018-06-30T20:32:12.360Z] >>> HTTP REQUEST GET https://admin.firebase.com/v1/database/red-social-lab-2018/tokens  
  
 Sat Jun 30 2018 16:32:12 GMT-0400 (-04)
[debug] [2018-06-30T20:32:13.181Z] <<< HTTP RESPONSE 200
[debug] [2018-06-30T20:32:13.184Z] >>> HTTP REQUEST GET https://cloudresourcemanager.googleapis.com/v1/projects/red-social-lab-2018  
  
 Sat Jun 30 2018 16:32:13 GMT-0400 (-04)
[debug] [2018-06-30T20:32:14.294Z] <<< HTTP RESPONSE 200
[info] 
[info] === Serving from '/home/malguzt/mayraProyectos/proyecto3_red_social'...
[info] 
[debug] [2018-06-30T20:32:14.300Z] >>> HTTP REQUEST GET https://mobilesdk-pa.googleapis.com/v1/projects/401179314797/clients/_:getWebAppConfig  
  
 Sat Jun 30 2018 16:32:14 GMT-0400 (-04)
[debug] [2018-06-30T20:32:15.625Z] <<< HTTP RESPONSE 200
[info] i  hosting: Serving hosting files from: public
[info] ✔  hosting: Local server: http://localhost:5000

